<?xml version="1.0" encoding="UTF-8"?>
<!-- Generated by org.testng.reporters.JUnitReportReporter -->
<testsuite hostname="LAPTOP-79DFH895" name="testScripts.AmazonSearchValidation" tests="1" failures="0" timestamp="30 Jun 2020 04:16:42 GMT" time="69.724" errors="0">
  <testcase name="tc_Search_001" time="69.724" classname="testScripts.AmazonSearchValidation"/>
</testsuite> <!-- testScripts.AmazonSearchValidation -->
